Arguments: 
  /usr/bin/node /usr/share/yarn/bin/yarn.js install --no-lockfile

PATH: 
  /var/opt/rails/bin:/var/opt/httpserver/bin:/var/opt/atom/bin:/var/opt/shotgun/bin:/var/opt/rackup/bin:/var/opt/jekyll/bin:/usr/local/rvm/gems/ruby-2.3.1/bin:/usr/local/rvm/gems/ruby-2.3.1@global/bin:/usr/local/rvm/rubies/ruby-2.3.1/bin:/usr/local/sbin:/usr/local/bin:/usr/sbin:/usr/bin:/sbin:/bin:/usr/local/rvm/bin

Yarn version: 
  1.3.2

Node version: 
  8.9.4

Platform: 
  linux x64

npm manifest: 
  {
    "name": "stuff",
    "version": "0.1.0",
    "private": true,
    "devDependencies": {
      "babel-preset-env": "^1.6.0",
      "extract-text-webpack-plugin": "^3.0.1",
      "html-webpack-plugin": "^2.30.1",
      "jsdom": "^9.9.1",
      "mocha": "^3.2.0",
      "react-scripts": "1.0.14",
      "sinon": "^1.17.6",
      "webpack": "^3.6.0",
      "webpack-dev-server": "^2.9.1"
    },
    "dependencies": {
      "babel-core": "^6.22.1",
      "babel-loader": "^7.1.2",
      "babel-preset-airbnb": "^2.1.1",
      "babel-preset-env": "^1.6.0",
      "babel-preset-react": "^6.22.0",
      "babel-preset-stage-1": "^6.24.1",
      "chai": "^3.5.0",
      "cuid": "^1.3.8",
      "enzyme": "^3.1.0",
      "enzyme-adapter-react-16": "^1.0.1",
      "expect": "^21.2.1",
      "jquery": "^3.1.1",
      "marked": "^0.3.6",
      "react": "^16.0.0 ",
      "react-dom": "^16.0.0 ",
      "react-router-dom": "^4.2.2",
      "react-test-renderer": "^16.0.0",
      "sinon": "^1.17.7",
      "superagent": "^3.3.2"
    },
    "scripts": {
      "start": "react-scripts start",
      "build": "react-scripts build",
      "test": "mocha test/root.js test/*.js",
      "dev:hot": "webpack-dev-server --hot --inline --progress --colors --watch --display-error-details --display-cached --content-base ./",
      "test:watch": "npm run test -- --watch",
      "eject": "react-scripts eject"
    }
  }

yarn manifest: 
  No manifest

Lockfile: 
  No lockfile

Trace: 
  Error: https://registry.yarnpkg.com/babel-runtime: ETIMEDOUT
      at Timeout._onTimeout (/usr/share/yarn/lib/cli.js:123749:19)
      at ontimeout (timers.js:475:11)
      at tryOnTimeout (timers.js:310:5)
      at Timer.listOnTimeout (timers.js:270:5)
